<?xml version="1.0" encoding="UTF-8"?>
<!-- Generated by org.testng.reporters.JUnitXMLReporter -->
<testsuite ignored="0" hostname="DESKTOP-NJ5CH4K" failures="0" tests="3" name="HomePageTest" time="19.64" errors="0" timestamp="10 Jun 2019 14:56:09 GMT">
  <testcase classname="TrialE2E.TrialE2E.TestHomePageTests" name="HomePageTest" time="3.04"/>
  <testcase classname="TrialE2E.TrialE2E.TestHomePageTests" name="HomePageTest" time="3.683"/>
  <testcase classname="TrialE2E.TrialE2E.TestHomePageTests" name="HomePageTest" time="3.305"/>
</testsuite> <!-- HomePageTest -->
