<?xml version="1.0" encoding="UTF-8"?>
<!-- Generated by org.testng.reporters.JUnitXMLReporter -->
<testsuite ignored="0" hostname="DESKTOP-NJ5CH4K" failures="0" tests="3" name="HomePageTest" time="23.746" errors="0" timestamp="04 Jun 2019 15:59:46 GMT">
  <testcase classname="TrialE2E.TrialE2E.HomePageTests" name="HomePageTest" time="4.508"/>
  <testcase classname="TrialE2E.TrialE2E.HomePageTests" name="HomePageTest" time="3.97"/>
  <testcase classname="TrialE2E.TrialE2E.HomePageTests" name="HomePageTest" time="3.813"/>
</testsuite> <!-- HomePageTest -->
