<?xml version="1.0" encoding="UTF-8"?>
<!-- Generated by org.testng.reporters.JUnitXMLReporter -->
<testsuite ignored="0" hostname="DESKTOP-NJ5CH4K" failures="1" tests="1" name="LogIn Message Test" time="9.908" errors="0" timestamp="04 Jun 2019 15:59:56 GMT">
  <testcase classname="TrialE2E.TrialE2E.ValidateLogInMessage" name="TextValidation" time="9.376">
    <failure type="junit.framework.ComparisonFailure" message="expected:&amp;lt;123...&amp;gt; but was:&amp;lt;...&amp;gt;">
      <![CDATA[junit.framework.ComparisonFailure: expected:<123...> but was:<...>
at junit.framework.Assert.assertEquals(Assert.java:81)
at junit.framework.Assert.assertEquals(Assert.java:87)
at TrialE2E.TrialE2E.ValidateLogInMessage.TextValidation(ValidateLogInMessage.java:37)
... Removed 25 stack frames]]>
    </failure>
  </testcase> <!-- TextValidation -->
</testsuite> <!-- LogIn Message Test -->
