<?xml version="1.0" encoding="UTF-8"?>
<!-- Generated by org.testng.reporters.JUnitXMLReporter -->
<testsuite ignored="0" hostname="DESKTOP-NJ5CH4K" failures="0" tests="4" name="Test" time="29.168" errors="0" timestamp="29 May 2019 12:27:55 GMT">
  <testcase classname="TrialE2E.TrialE2E.HomePageTests" name="HomePageTest" time="3.418"/>
  <testcase classname="TrialE2E.TrialE2E.HomePageTests" name="HomePageTest" time="3.054"/>
  <testcase classname="TrialE2E.TrialE2E.HomePageTests" name="HomePageTest" time="3.175"/>
  <testcase classname="TrialE2E.TrialE2E.ValidateLogInMessage" name="TextValidation" time="9.99"/>
</testsuite> <!-- Test -->
