<?xml version="1.0" encoding="UTF-8"?>
<!-- Generated by org.testng.reporters.JUnitXMLReporter -->
<testsuite ignored="0" hostname="DESKTOP-NJ5CH4K" failures="0" tests="3" name="HomePageTest" time="21.843" errors="0" timestamp="05 Jun 2019 22:17:16 GMT">
  <testcase classname="TrialE2E.TrialE2E.TestHomePageTests" name="HomePageTest" time="4.84"/>
  <testcase classname="TrialE2E.TrialE2E.TestHomePageTests" name="HomePageTest" time="3.522"/>
  <testcase classname="TrialE2E.TrialE2E.TestHomePageTests" name="HomePageTest" time="3.005"/>
</testsuite> <!-- HomePageTest -->
