<?xml version="1.0" encoding="UTF-8"?>
<testng-results ignored="0" total="4" passed="3" failed="1" skipped="0">
  <reporter-output>
  </reporter-output>
  <suite started-at="2019-06-05T22:16:42Z" name="Suite" finished-at="2019-06-05T22:17:16Z" duration-ms="33951">
    <groups>
    </groups>
    <test started-at="2019-06-05T22:16:42Z" name="App Test" finished-at="2019-06-05T22:16:42Z" duration-ms="0">
    </test> <!-- App Test -->
    <test started-at="2019-06-05T22:16:42Z" name="LogIn Message Test" finished-at="2019-06-05T22:16:54Z" duration-ms="12037">
      <class name="TrialE2E.TrialE2E.TestValidateLogInMessage">
        <test-method signature="TextValidation()[pri:0, instance:TrialE2E.TrialE2E.TestValidateLogInMessage@655a5d9c]" started-at="2019-06-05T22:16:42Z" name="TextValidation" finished-at="2019-06-05T22:16:53Z" duration-ms="11637" status="FAIL">
          <exception class="junit.framework.ComparisonFailure">
            <message>
              <![CDATA[expected:<123...> but was:<...>]]>
            </message>
            <full-stacktrace>
              <![CDATA[junit.framework.ComparisonFailure: expected:<123...> but was:<...>
at junit.framework.Assert.assertEquals(Assert.java:81)
at junit.framework.Assert.assertEquals(Assert.java:87)
at TrialE2E.TrialE2E.TestValidateLogInMessage.TextValidation(TestValidateLogInMessage.java:37)
at java.base/jdk.internal.reflect.NativeMethodAccessorImpl.invoke0(Native Method)
at java.base/jdk.internal.reflect.NativeMethodAccessorImpl.invoke(NativeMethodAccessorImpl.java:62)
at java.base/jdk.internal.reflect.DelegatingMethodAccessorImpl.invoke(DelegatingMethodAccessorImpl.java:43)
at java.base/java.lang.reflect.Method.invoke(Method.java:566)
at org.testng.internal.MethodInvocationHelper.invokeMethod(MethodInvocationHelper.java:124)
at org.testng.internal.Invoker.invokeMethod(Invoker.java:583)
at org.testng.internal.Invoker.invokeTestMethod(Invoker.java:719)
at org.testng.internal.Invoker.invokeTestMethods(Invoker.java:989)
at org.testng.internal.TestMethodWorker.invokeTestMethods(TestMethodWorker.java:125)
at org.testng.internal.TestMethodWorker.run(TestMethodWorker.java:109)
at org.testng.TestRunner.privateRun(TestRunner.java:648)
at org.testng.TestRunner.run(TestRunner.java:505)
at org.testng.SuiteRunner.runTest(SuiteRunner.java:455)
at org.testng.SuiteRunner.runSequentially(SuiteRunner.java:450)
at org.testng.SuiteRunner.privateRun(SuiteRunner.java:415)
at org.testng.SuiteRunner.run(SuiteRunner.java:364)
at org.testng.SuiteRunnerWorker.runSuite(SuiteRunnerWorker.java:52)
at org.testng.SuiteRunnerWorker.run(SuiteRunnerWorker.java:84)
at org.testng.TestNG.runSuitesSequentially(TestNG.java:1208)
at org.testng.TestNG.runSuitesLocally(TestNG.java:1137)
at org.testng.TestNG.runSuites(TestNG.java:1049)
at org.testng.TestNG.run(TestNG.java:1017)
at org.apache.maven.surefire.testng.TestNGExecutor.run(TestNGExecutor.java:283)
at org.apache.maven.surefire.testng.TestNGXmlTestSuite.execute(TestNGXmlTestSuite.java:75)
at org.apache.maven.surefire.testng.TestNGProvider.invoke(TestNGProvider.java:120)
at org.apache.maven.surefire.booter.ForkedBooter.invokeProviderInSameClassLoader(ForkedBooter.java:384)
at org.apache.maven.surefire.booter.ForkedBooter.runSuitesInProcess(ForkedBooter.java:345)
at org.apache.maven.surefire.booter.ForkedBooter.execute(ForkedBooter.java:126)
at org.apache.maven.surefire.booter.ForkedBooter.main(ForkedBooter.java:418)
]]>
            </full-stacktrace>
          </exception> <!-- junit.framework.ComparisonFailure -->
          <reporter-output>
          </reporter-output>
        </test-method> <!-- TextValidation -->
      </class> <!-- TrialE2E.TrialE2E.TestValidateLogInMessage -->
    </test> <!-- LogIn Message Test -->
    <test started-at="2019-06-05T22:16:54Z" name="HomePageTest" finished-at="2019-06-05T22:17:16Z" duration-ms="21843">
      <class name="TrialE2E.TrialE2E.TestHomePageTests">
        <test-method is-config="true" signature="initiate()[pri:0, instance:TrialE2E.TrialE2E.TestHomePageTests@f713686]" started-at="2019-06-05T22:16:54Z" name="initiate" finished-at="2019-06-05T22:17:02Z" duration-ms="8005" status="PASS">
          <reporter-output>
          </reporter-output>
        </test-method> <!-- initiate -->
        <test-method signature="HomePageTest(java.lang.String, java.lang.String)[pri:0, instance:TrialE2E.TrialE2E.TestHomePageTests@f713686]" started-at="2019-06-05T22:17:02Z" name="HomePageTest" data-provider="datasets" finished-at="2019-06-05T22:17:07Z" duration-ms="4840" status="PASS">
          <params>
            <param index="0">
              <value>
                <![CDATA[Userid1@gmail.com]]>
              </value>
            </param>
            <param index="1">
              <value>
                <![CDATA[Password1]]>
              </value>
            </param>
          </params>
          <reporter-output>
          </reporter-output>
        </test-method> <!-- HomePageTest -->
        <test-method signature="HomePageTest(java.lang.String, java.lang.String)[pri:0, instance:TrialE2E.TrialE2E.TestHomePageTests@f713686]" started-at="2019-06-05T22:17:07Z" name="HomePageTest" data-provider="datasets" finished-at="2019-06-05T22:17:10Z" duration-ms="3522" status="PASS">
          <params>
            <param index="0">
              <value>
                <![CDATA[Userid2@gmail.com]]>
              </value>
            </param>
            <param index="1">
              <value>
                <![CDATA[Password2]]>
              </value>
            </param>
          </params>
          <reporter-output>
          </reporter-output>
        </test-method> <!-- HomePageTest -->
        <test-method signature="HomePageTest(java.lang.String, java.lang.String)[pri:0, instance:TrialE2E.TrialE2E.TestHomePageTests@f713686]" started-at="2019-06-05T22:17:10Z" name="HomePageTest" data-provider="datasets" finished-at="2019-06-05T22:17:13Z" duration-ms="3005" status="PASS">
          <params>
            <param index="0">
              <value>
                <![CDATA[Userid2@gmail.com]]>
              </value>
            </param>
            <param index="1">
              <value>
                <![CDATA[Password2]]>
              </value>
            </param>
          </params>
          <reporter-output>
          </reporter-output>
        </test-method> <!-- HomePageTest -->
        <test-method is-config="true" signature="tearDown()[pri:0, instance:TrialE2E.TrialE2E.TestHomePageTests@f713686]" started-at="2019-06-05T22:17:13Z" name="tearDown" finished-at="2019-06-05T22:17:16Z" duration-ms="2455" status="PASS">
          <reporter-output>
          </reporter-output>
        </test-method> <!-- tearDown -->
      </class> <!-- TrialE2E.TrialE2E.TestHomePageTests -->
    </test> <!-- HomePageTest -->
  </suite> <!-- Suite -->
</testng-results>
