<?xml version="1.0" encoding="UTF-8"?>
<testsuite xmlns:xsi="http://www.w3.org/2001/XMLSchema-instance" xsi:noNamespaceSchemaLocation="https://maven.apache.org/surefire/maven-surefire-plugin/xsd/surefire-test-report-3.0.xsd" version="3.0" name="TestSuite" time="42.878" tests="4" errors="0" skipped="0" failures="1">
  <properties>
[...]
</properties>
  <testcase name="TextValidation" classname="TrialE2E.TrialE2E.TestValidateLogInMessage" time="12.081">
    <failure message="expected:&lt;123...&gt; but was:&lt;...&gt;" type="junit.framework.ComparisonFailure"><![CDATA[junit.framework.ComparisonFailure: expected:<123...> but was:<...>
	at TrialE2E.TrialE2E.TestValidateLogInMessage.TextValidation(TestValidateLogInMessage.java:37)
]]></failure>
    <system-out><![CDATA[2019-06-10 16:27:11,916 main ERROR Unrecognized format specifier [p]
2019-06-10 16:27:11,918 main ERROR Unrecognized conversion specifier [p] starting at position 28 in conversion pattern.
2019-06-10 16:27:11,919 main ERROR Unrecognized format specifier [m]
2019-06-10 16:27:11,920 main ERROR Unrecognized conversion specifier [m] starting at position 31 in conversion pattern.
2019-06-10 16:27:11,920 main ERROR Unrecognized format specifier [n]
2019-06-10 16:27:11,922 main ERROR Unrecognized conversion specifier [n] starting at position 33 in conversion pattern.
chrome
2019-06-10 16:27:23,477 main ERROR Unable to rename file C:\Users\User\Gulmi-Workspace2\OcadoE2E\.\Logs\LogTrace.log to C:\Users\User\Gulmi-Workspace2\OcadoE2E\2019-05-28 23:32:26 %-5p %m%n: java.nio.file.InvalidPathException Illegal char <:> at index 53: C:\Users\User\Gulmi-Workspace2\OcadoE2E\2019-05-28 23:32:26 %-5p %m%n
The error is::::We're having trouble confirming your login details. Maybe you typed them incorrectly? Please try again.
Listener trying to take screenshot
Taking screenshot
 screenshot taken
]]></system-out>
    <system-err><![CDATA[SLF4J: Failed to load class "org.slf4j.impl.StaticLoggerBinder".
SLF4J: Defaulting to no-operation (NOP) logger implementation
SLF4J: See http://www.slf4j.org/codes.html#StaticLoggerBinder for further details.
Starting ChromeDriver 74.0.3729.6 (255758eccf3d244491b8a1317aa76e1ce10d57e9-refs/branch-heads/3729@{#29}) on port 33236
Only local connections are allowed.
Please protect ports used by ChromeDriver and related test frameworks to prevent access by malicious code.
Jun 10, 2019 4:27:17 PM org.openqa.selenium.remote.ProtocolHandshake createSession
INFO: Detected dialect: OSS
]]></system-err>
  </testcase>
  <testcase name="HomePageTest" classname="TrialE2E.TrialE2E.TestHomePageTests" time="6.05"/>
  <testcase name="HomePageTest" classname="TrialE2E.TrialE2E.TestHomePageTests" time="5.455"/>
  <testcase name="HomePageTest" classname="TrialE2E.TrialE2E.TestHomePageTests" time="4.855"/>
</testsuite>