<?xml version="1.0" encoding="UTF-8"?>
<testng-results ignored="0" total="4" passed="3" failed="1" skipped="0">
  <reporter-output>
  </reporter-output>
  <suite started-at="2019-06-04T15:59:22Z" name="Suite" finished-at="2019-06-04T15:59:56Z" duration-ms="33774">
    <groups>
    </groups>
    <test started-at="2019-06-04T15:59:22Z" name="HomePageTest" finished-at="2019-06-04T15:59:46Z" duration-ms="23746">
      <class name="TrialE2E.TrialE2E.HomePageTests">
        <test-method is-config="true" signature="initiate()[pri:0, instance:TrialE2E.TrialE2E.HomePageTests@545de5a4]" started-at="2019-06-04T15:59:22Z" name="initiate" finished-at="2019-06-04T15:59:31Z" duration-ms="9041" status="PASS">
          <reporter-output>
          </reporter-output>
        </test-method> <!-- initiate -->
        <test-method signature="HomePageTest(java.lang.String, java.lang.String)[pri:0, instance:TrialE2E.TrialE2E.HomePageTests@545de5a4]" started-at="2019-06-04T15:59:31Z" name="HomePageTest" data-provider="datasets" finished-at="2019-06-04T15:59:36Z" duration-ms="4508" status="PASS">
          <params>
            <param index="0">
              <value>
                <![CDATA[Userid1@gmail.com]]>
              </value>
            </param>
            <param index="1">
              <value>
                <![CDATA[Password1]]>
              </value>
            </param>
          </params>
          <reporter-output>
          </reporter-output>
        </test-method> <!-- HomePageTest -->
        <test-method signature="HomePageTest(java.lang.String, java.lang.String)[pri:0, instance:TrialE2E.TrialE2E.HomePageTests@545de5a4]" started-at="2019-06-04T15:59:36Z" name="HomePageTest" data-provider="datasets" finished-at="2019-06-04T15:59:40Z" duration-ms="3970" status="PASS">
          <params>
            <param index="0">
              <value>
                <![CDATA[Userid2@gmail.com]]>
              </value>
            </param>
            <param index="1">
              <value>
                <![CDATA[Password2]]>
              </value>
            </param>
          </params>
          <reporter-output>
          </reporter-output>
        </test-method> <!-- HomePageTest -->
        <test-method signature="HomePageTest(java.lang.String, java.lang.String)[pri:0, instance:TrialE2E.TrialE2E.HomePageTests@545de5a4]" started-at="2019-06-04T15:59:40Z" name="HomePageTest" data-provider="datasets" finished-at="2019-06-04T15:59:43Z" duration-ms="3813" status="PASS">
          <params>
            <param index="0">
              <value>
                <![CDATA[Userid2@gmail.com]]>
              </value>
            </param>
            <param index="1">
              <value>
                <![CDATA[Password2]]>
              </value>
            </param>
          </params>
          <reporter-output>
          </reporter-output>
        </test-method> <!-- HomePageTest -->
        <test-method is-config="true" signature="tearDown()[pri:0, instance:TrialE2E.TrialE2E.HomePageTests@545de5a4]" started-at="2019-06-04T15:59:43Z" name="tearDown" finished-at="2019-06-04T15:59:46Z" duration-ms="2378" status="PASS">
          <reporter-output>
          </reporter-output>
        </test-method> <!-- tearDown -->
      </class> <!-- TrialE2E.TrialE2E.HomePageTests -->
    </test> <!-- HomePageTest -->
    <test started-at="2019-06-04T15:59:46Z" name="App Test" finished-at="2019-06-04T15:59:46Z" duration-ms="0">
    </test> <!-- App Test -->
    <test started-at="2019-06-04T15:59:46Z" name="LogIn Message Test" finished-at="2019-06-04T15:59:56Z" duration-ms="9908">
      <class name="TrialE2E.TrialE2E.ValidateLogInMessage">
        <test-method signature="TextValidation()[pri:0, instance:TrialE2E.TrialE2E.ValidateLogInMessage@4d4d8fcf]" started-at="2019-06-04T15:59:46Z" name="TextValidation" finished-at="2019-06-04T15:59:55Z" duration-ms="9376" status="FAIL">
          <exception class="junit.framework.ComparisonFailure">
            <message>
              <![CDATA[expected:<123...> but was:<...>]]>
            </message>
            <full-stacktrace>
              <![CDATA[junit.framework.ComparisonFailure: expected:<123...> but was:<...>
at junit.framework.Assert.assertEquals(Assert.java:81)
at junit.framework.Assert.assertEquals(Assert.java:87)
at TrialE2E.TrialE2E.ValidateLogInMessage.TextValidation(ValidateLogInMessage.java:37)
at java.base/jdk.internal.reflect.NativeMethodAccessorImpl.invoke0(Native Method)
at java.base/jdk.internal.reflect.NativeMethodAccessorImpl.invoke(NativeMethodAccessorImpl.java:62)
at java.base/jdk.internal.reflect.DelegatingMethodAccessorImpl.invoke(DelegatingMethodAccessorImpl.java:43)
at java.base/java.lang.reflect.Method.invoke(Method.java:566)
at org.testng.internal.MethodInvocationHelper.invokeMethod(MethodInvocationHelper.java:124)
at org.testng.internal.Invoker.invokeMethod(Invoker.java:583)
at org.testng.internal.Invoker.invokeTestMethod(Invoker.java:719)
at org.testng.internal.Invoker.invokeTestMethods(Invoker.java:989)
at org.testng.internal.TestMethodWorker.invokeTestMethods(TestMethodWorker.java:125)
at org.testng.internal.TestMethodWorker.run(TestMethodWorker.java:109)
at org.testng.TestRunner.privateRun(TestRunner.java:648)
at org.testng.TestRunner.run(TestRunner.java:505)
at org.testng.SuiteRunner.runTest(SuiteRunner.java:455)
at org.testng.SuiteRunner.runSequentially(SuiteRunner.java:450)
at org.testng.SuiteRunner.privateRun(SuiteRunner.java:415)
at org.testng.SuiteRunner.run(SuiteRunner.java:364)
at org.testng.SuiteRunnerWorker.runSuite(SuiteRunnerWorker.java:52)
at org.testng.SuiteRunnerWorker.run(SuiteRunnerWorker.java:84)
at org.testng.TestNG.runSuitesSequentially(TestNG.java:1208)
at org.testng.TestNG.runSuitesLocally(TestNG.java:1137)
at org.testng.TestNG.runSuites(TestNG.java:1049)
at org.testng.TestNG.run(TestNG.java:1017)
at org.testng.remote.AbstractRemoteTestNG.run(AbstractRemoteTestNG.java:115)
at org.testng.remote.RemoteTestNG.initAndRun(RemoteTestNG.java:251)
at org.testng.remote.RemoteTestNG.main(RemoteTestNG.java:77)
]]>
            </full-stacktrace>
          </exception> <!-- junit.framework.ComparisonFailure -->
          <reporter-output>
          </reporter-output>
        </test-method> <!-- TextValidation -->
      </class> <!-- TrialE2E.TrialE2E.ValidateLogInMessage -->
    </test> <!-- LogIn Message Test -->
  </suite> <!-- Suite -->
</testng-results>
